{
  "RSpec": {
    "coverage": {
      "/home/roberson/trampos/app/models/user.rb": [
        1,
        null,
        null,
        1,
        null,
        null,
        1,
        null,
        1,
        null,
        1,
        null,
        1,
        0,
        null,
        null,
        1,
        1,
        null,
        1,
        1,
        null,
        null
      ],
      "/home/roberson/trampos/app/models/application_record.rb": [
        1,
        1,
        null
      ],
      "/home/roberson/trampos/app/helpers/application_helper.rb": [
        1,
        null
      ],
      "/home/roberson/trampos/app/helpers/comments_helper.rb": [
        1,
        null
      ],
      "/home/roberson/trampos/app/helpers/home_helper.rb": [
        1,
        null
      ],
      "/home/roberson/trampos/app/models/company.rb": [
        1,
        1,
        null,
        1,
        1,
        1,
        null
      ],
      "/home/roberson/trampos/app/controllers/api/v1/companies_controller.rb": [
        1,
        1,
        2,
        1,
        null,
        null,
        1,
        1,
        1,
        null,
        null
      ],
      "/home/roberson/trampos/app/controllers/api/v1/api_controller.rb": [
        1,
        null,
        1,
        null,
        1,
        null,
        1,
        1,
        null,
        null,
        null
      ],
      "/home/roberson/trampos/app/jobs/application_job.rb": [
        0,
        0
      ],
      "/home/roberson/trampos/app/mailers/application_mailer.rb": [
        0,
        0,
        0,
        0
      ],
      "/home/roberson/trampos/app/channels/application_cable/channel.rb": [
        0,
        0,
        0,
        0
      ],
      "/home/roberson/trampos/app/channels/application_cable/connection.rb": [
        0,
        0,
        0,
        0
      ],
      "/home/roberson/trampos/app/models/profilejob.rb": [
        0,
        0,
        0,
        null,
        0,
        0,
        0
      ],
      "/home/roberson/trampos/app/models/profile.rb": [
        0,
        0,
        0,
        0,
        0,
        0,
        null,
        0,
        0,
        null,
        0,
        0,
        null,
        null,
        0,
        0,
        null,
        0,
        0,
        0,
        0,
        null,
        0,
        0,
        0,
        0,
        null,
        0,
        0,
        0,
        0,
        null,
        0,
        null
      ],
      "/home/roberson/trampos/app/models/benefit.rb": [
        0,
        0,
        null,
        0,
        0,
        0,
        0
      ],
      "/home/roberson/trampos/app/models/job.rb": [
        0,
        0,
        0,
        0,
        0,
        0,
        null,
        0,
        0,
        null,
        null,
        0,
        null,
        0,
        null,
        0,
        0,
        0,
        null,
        0,
        null,
        0,
        0,
        0,
        null,
        0
      ],
      "/home/roberson/trampos/app/models/skill.rb": [
        0,
        0,
        0,
        null,
        0,
        0,
        0,
        0
      ],
      "/home/roberson/trampos/app/models/joblevel.rb": [
        0,
        0,
        0,
        null,
        0,
        0,
        0,
        0
      ],
      "/home/roberson/trampos/app/models/favorite_profile.rb": [
        0,
        0,
        0,
        0
      ],
      "/home/roberson/trampos/app/models/comment.rb": [
        0,
        0,
        0,
        0,
        0,
        0,
        0
      ],
      "/home/roberson/trampos/app/controllers/benefits_controller.rb": [
        0,
        null,
        0,
        0,
        0,
        null,
        0,
        0,
        0,
        null,
        0,
        0,
        0,
        null,
        0,
        0,
        null,
        0,
        0,
        0,
        null,
        null,
        0,
        0,
        0,
        0,
        0,
        0,
        0,
        0,
        0,
        0,
        null,
        0,
        null,
        0,
        0,
        0,
        null,
        0,
        0,
        0,
        null,
        0,
        0,
        0,
        0,
        null,
        null,
        0,
        null,
        0,
        0,
        0,
        null,
        0,
        0,
        0,
        null,
        null,
        0,
        null
      ],
      "/home/roberson/trampos/app/controllers/companies_controller.rb": [
        0,
        null,
        0,
        0,
        0,
        null,
        0,
        0,
        0,
        null,
        0,
        0,
        0,
        null,
        0,
        0,
        null,
        0,
        0,
        0,
        null,
        null,
        0,
        0,
        0,
        0,
        0,
        0,
        0,
        0,
        0,
        0,
        null,
        0,
        0,
        0,
        0,
        0,
        null,
        0,
        0,
        0,
        null,
        0,
        0,
        0,
        0,
        null,
        null,
        0,
        null,
        0,
        0,
        0,
        null,
        0,
        0,
        0,
        null,
        null,
        0,
        null
      ],
      "/home/roberson/trampos/app/controllers/application_controller.rb": [
        0,
        0,
        null,
        0,
        null,
        0,
        0,
        0,
        0,
        null,
        0,
        0,
        0,
        0,
        0,
        0,
        null,
        0,
        0,
        0,
        0,
        0,
        0,
        null,
        null,
        0
      ],
      "/home/roberson/trampos/app/controllers/skills_controller.rb": [
        0,
        null,
        0,
        0,
        0,
        null,
        0,
        0,
        0,
        null,
        0,
        0,
        0,
        null,
        0,
        0,
        null,
        0,
        0,
        0,
        null,
        null,
        0,
        0,
        0,
        0,
        0,
        0,
        0,
        0,
        0,
        0,
        null,
        0,
        0,
        0,
        0,
        0,
        0,
        0,
        0,
        null,
        0,
        0,
        0,
        0,
        null,
        null,
        0,
        null,
        0,
        0,
        0,
        null,
        0,
        0,
        0,
        null,
        null,
        0,
        null
      ],
      "/home/roberson/trampos/app/controllers/profiles_controller.rb": [
        0,
        null,
        0,
        0,
        null,
        null,
        0,
        0,
        0,
        0,
        null,
        0,
        0,
        0,
        0,
        0,
        0,
        0,
        null,
        0,
        0,
        0,
        0,
        0,
        0,
        null,
        0,
        0,
        0,
        0,
        null,
        0,
        null,
        null,
        0,
        0,
        0,
        0,
        0,
        0,
        0,
        0,
        null,
        0,
        0,
        0,
        0,
        0,
        0,
        0,
        0,
        null,
        0,
        0,
        0,
        0,
        0,
        0,
        0,
        0,
        0,
        0,
        0,
        null,
        0,
        0,
        0,
        0,
        null,
        0,
        0,
        0,
        null,
        0,
        0,
        0,
        0,
        0,
        0,
        0,
        0,
        0,
        0,
        0,
        0,
        null,
        0,
        null,
        0,
        0,
        0,
        0,
        0,
        0,
        0,
        0,
        0,
        0,
        null,
        0,
        0,
        0,
        null,
        0,
        null
      ],
      "/home/roberson/trampos/app/controllers/home_controller.rb": [
        0,
        0,
        0,
        0,
        0,
        0
      ],
      "/home/roberson/trampos/app/controllers/comments_controller.rb": [
        0,
        null,
        0,
        0,
        0,
        null,
        0,
        0,
        0,
        null,
        0,
        null,
        0,
        0,
        null,
        0,
        0,
        0,
        0,
        0,
        0,
        0,
        0,
        0,
        null,
        0,
        null,
        0,
        null,
        0,
        0,
        0,
        null,
        0,
        0,
        0,
        0
      ],
      "/home/roberson/trampos/app/controllers/profilejobs_controller.rb": [
        0,
        null,
        0,
        0,
        null,
        null,
        0,
        null,
        0,
        0,
        null,
        0,
        null,
        0,
        0,
        null,
        0,
        0,
        null,
        0,
        0,
        0,
        0,
        0,
        0,
        0,
        null,
        0,
        0,
        0,
        0,
        0,
        0,
        null,
        0,
        null,
        0,
        0,
        0,
        0,
        0,
        null,
        0,
        null,
        0,
        null,
        0,
        0,
        0,
        null,
        0,
        0,
        0,
        0
      ],
      "/home/roberson/trampos/app/controllers/joblevels_controller.rb": [
        0,
        null,
        0,
        0,
        0,
        null,
        0,
        0,
        0,
        null,
        0,
        0,
        0,
        null,
        0,
        0,
        null,
        0,
        0,
        0,
        null,
        null,
        0,
        0,
        0,
        0,
        0,
        0,
        0,
        0,
        0,
        0,
        null,
        0,
        null,
        0,
        0,
        0,
        null,
        0,
        0,
        0,
        null,
        0,
        0,
        0,
        0,
        null,
        null,
        0,
        null,
        0,
        0,
        0,
        null,
        0,
        0,
        0,
        null,
        null,
        0,
        null
      ],
      "/home/roberson/trampos/app/controllers/jobs_controller.rb": [
        0,
        null,
        0,
        0,
        null,
        null,
        0,
        0,
        0,
        0,
        0,
        null,
        0,
        0,
        0,
        0,
        0,
        0,
        0,
        0,
        0,
        null,
        0,
        0,
        0,
        0,
        0,
        0,
        0,
        null,
        0,
        0,
        0,
        0,
        0,
        0,
        0,
        0,
        null,
        0,
        0,
        0,
        0,
        0,
        0,
        0,
        0,
        0,
        0,
        0,
        0,
        0,
        0,
        0,
        0,
        0,
        0,
        null,
        0,
        0,
        null,
        0,
        0,
        0,
        null,
        0,
        0,
        0,
        null,
        0,
        0,
        0,
        0,
        null,
        0,
        0,
        0,
        null,
        null,
        0,
        null,
        0,
        0,
        0,
        0,
        0,
        null,
        0,
        0,
        0,
        null,
        null,
        0,
        null
      ]
    },
    "timestamp": 1579869355
  }
}
