{
  "RSpec": {
    "coverage": {
      "/home/roberson/trampos/app/models/user.rb": [
        1,
        null,
        null,
        1,
        null,
        null,
        1,
        null,
        1,
        null,
        1,
        null,
        1,
        102,
        null,
        null,
        1,
        1,
        null,
        1,
        1,
        null,
        null
      ],
      "/home/roberson/trampos/app/models/application_record.rb": [
        1,
        1,
        null
      ],
      "/home/roberson/trampos/app/helpers/application_helper.rb": [
        1,
        null
      ],
      "/home/roberson/trampos/app/helpers/comments_helper.rb": [
        1,
        null
      ],
      "/home/roberson/trampos/app/helpers/home_helper.rb": [
        1,
        null
      ],
      "/home/roberson/trampos/app/controllers/comments_controller.rb": [
        1,
        null,
        1,
        1,
        1,
        null,
        1,
        0,
        null,
        null,
        1,
        null,
        0,
        null,
        null,
        1,
        0,
        0,
        0,
        0,
        0,
        null,
        0,
        null,
        null,
        null,
        null,
        1,
        null,
        1,
        0,
        null,
        null,
        1,
        0,
        null,
        null
      ],
      "/home/roberson/trampos/app/controllers/application_controller.rb": [
        1,
        1,
        null,
        1,
        null,
        1,
        102,
        102,
        null,
        null,
        1,
        94,
        0,
        0,
        null,
        null,
        null,
        1,
        0,
        0,
        0,
        null,
        null,
        null,
        null,
        null
      ],
      "/home/roberson/trampos/app/controllers/home_controller.rb": [
        1,
        1,
        102,
        102,
        null,
        null
      ],
      "/home/roberson/trampos/app/models/benefit.rb": [
        1,
        1,
        null,
        1,
        1,
        1,
        null
      ],
      "/home/roberson/trampos/app/models/comment.rb": [
        1,
        1,
        1,
        1,
        1,
        1,
        null
      ],
      "/home/roberson/trampos/app/models/company.rb": [
        1,
        1,
        null,
        1,
        1,
        1,
        null
      ],
      "/home/roberson/trampos/app/models/favorite_profile.rb": [
        1,
        1,
        1,
        null
      ],
      "/home/roberson/trampos/app/models/job.rb": [
        1,
        1,
        1,
        1,
        1,
        1,
        null,
        1,
        1,
        null,
        null,
        1,
        null,
        1,
        null,
        1,
        0,
        null,
        null,
        1,
        null,
        1,
        0,
        null,
        null,
        null
      ],
      "/home/roberson/trampos/app/models/joblevel.rb": [
        1,
        1,
        1,
        null,
        1,
        1,
        1,
        null
      ],
      "/home/roberson/trampos/app/models/profile.rb": [
        1,
        1,
        1,
        1,
        1,
        1,
        null,
        1,
        1,
        null,
        1,
        1,
        null,
        null,
        1,
        1,
        null,
        1,
        1,
        0,
        null,
        null,
        1,
        1,
        0,
        null,
        null,
        1,
        1,
        0,
        null,
        null,
        null,
        null
      ],
      "/home/roberson/trampos/app/models/profilejob.rb": [
        1,
        1,
        1,
        null,
        1,
        1,
        null
      ],
      "/home/roberson/trampos/app/models/skill.rb": [
        1,
        1,
        1,
        null,
        1,
        1,
        1,
        null
      ],
      "/home/roberson/trampos/app/controllers/benefits_controller.rb": [
        1,
        null,
        1,
        1,
        1,
        null,
        1,
        8,
        null,
        null,
        1,
        4,
        null,
        null,
        1,
        null,
        null,
        1,
        1,
        null,
        null,
        null,
        1,
        4,
        4,
        1,
        1,
        null,
        3,
        3,
        null,
        null,
        null,
        1,
        null,
        1,
        1,
        null,
        null,
        0,
        null,
        null,
        null,
        1,
        1,
        1,
        null,
        null,
        null,
        1,
        null,
        1,
        5,
        null,
        null,
        1,
        8,
        null,
        null,
        null,
        null,
        null
      ],
      "/home/roberson/trampos/app/controllers/companies_controller.rb": [
        1,
        null,
        1,
        1,
        1,
        null,
        1,
        8,
        null,
        null,
        1,
        4,
        null,
        null,
        1,
        null,
        null,
        1,
        1,
        null,
        null,
        null,
        1,
        4,
        4,
        1,
        1,
        null,
        3,
        3,
        null,
        null,
        null,
        1,
        1,
        1,
        1,
        null,
        null,
        0,
        null,
        null,
        null,
        1,
        1,
        1,
        null,
        null,
        null,
        1,
        null,
        1,
        5,
        null,
        null,
        1,
        8,
        null,
        null,
        null,
        null,
        null
      ],
      "/home/roberson/trampos/app/controllers/jobs_controller.rb": [
        1,
        null,
        1,
        1,
        null,
        null,
        1,
        7,
        7,
        7,
        null,
        null,
        1,
        2,
        2,
        2,
        2,
        2,
        2,
        2,
        null,
        null,
        1,
        8,
        8,
        8,
        8,
        8,
        null,
        null,
        1,
        1,
        1,
        1,
        1,
        1,
        1,
        null,
        null,
        1,
        2,
        2,
        2,
        2,
        2,
        1,
        1,
        null,
        1,
        1,
        1,
        1,
        1,
        1,
        1,
        null,
        null,
        null,
        1,
        1,
        null,
        1,
        1,
        null,
        null,
        0,
        null,
        null,
        null,
        1,
        1,
        1,
        null,
        null,
        1,
        5,
        null,
        null,
        null,
        1,
        null,
        1,
        3,
        null,
        null,
        null,
        null,
        1,
        11,
        null,
        null,
        null,
        null,
        null
      ],
      "/home/roberson/trampos/app/controllers/profilejobs_controller.rb": [
        1,
        null,
        1,
        1,
        null,
        null,
        1,
        null,
        1,
        null,
        null,
        1,
        null,
        1,
        null,
        null,
        1,
        null,
        null,
        1,
        3,
        3,
        3,
        3,
        3,
        null,
        null,
        1,
        1,
        1,
        1,
        1,
        1,
        null,
        1,
        null,
        1,
        1,
        null,
        0,
        null,
        null,
        null,
        null,
        1,
        null,
        1,
        1,
        null,
        null,
        1,
        3,
        null,
        null
      ],
      "/home/roberson/trampos/app/controllers/profiles_controller.rb": [
        1,
        null,
        1,
        1,
        null,
        null,
        1,
        4,
        4,
        null,
        null,
        1,
        2,
        2,
        2,
        2,
        2,
        null,
        null,
        1,
        4,
        4,
        4,
        4,
        null,
        null,
        1,
        2,
        2,
        2,
        null,
        null,
        null,
        null,
        1,
        2,
        2,
        2,
        2,
        2,
        2,
        2,
        null,
        null,
        0,
        0,
        0,
        0,
        0,
        null,
        null,
        null,
        1,
        1,
        1,
        1,
        null,
        0,
        0,
        0,
        0,
        null,
        null,
        null,
        1,
        1,
        1,
        null,
        null,
        1,
        2,
        null,
        null,
        1,
        0,
        0,
        0,
        0,
        0,
        0,
        0,
        null,
        0,
        null,
        null,
        null,
        1,
        null,
        1,
        3,
        null,
        null,
        null,
        null,
        null,
        null,
        null,
        null,
        null,
        1,
        8,
        null,
        null,
        null,
        null
      ],
      "/home/roberson/trampos/app/controllers/joblevels_controller.rb": [
        1,
        null,
        1,
        1,
        1,
        null,
        1,
        7,
        null,
        null,
        1,
        4,
        null,
        null,
        1,
        null,
        null,
        1,
        1,
        null,
        null,
        null,
        1,
        4,
        4,
        1,
        1,
        null,
        3,
        3,
        null,
        null,
        null,
        1,
        null,
        1,
        1,
        null,
        null,
        0,
        null,
        null,
        null,
        1,
        1,
        1,
        null,
        null,
        null,
        1,
        null,
        1,
        5,
        null,
        null,
        1,
        7,
        null,
        null,
        null,
        null,
        null
      ],
      "/home/roberson/trampos/app/controllers/skills_controller.rb": [
        1,
        null,
        1,
        1,
        1,
        null,
        1,
        8,
        null,
        null,
        1,
        4,
        null,
        null,
        1,
        null,
        null,
        1,
        1,
        null,
        null,
        null,
        1,
        4,
        4,
        1,
        1,
        null,
        3,
        3,
        null,
        null,
        null,
        1,
        1,
        1,
        1,
        null,
        0,
        null,
        null,
        null,
        1,
        1,
        1,
        null,
        null,
        null,
        1,
        null,
        1,
        5,
        null,
        null,
        1,
        8,
        null,
        null,
        null,
        null,
        null
      ],
      "/home/roberson/trampos/app/jobs/application_job.rb": [
        0,
        0
      ],
      "/home/roberson/trampos/app/mailers/application_mailer.rb": [
        0,
        0,
        0,
        0
      ],
      "/home/roberson/trampos/app/channels/application_cable/connection.rb": [
        0,
        0,
        0,
        0
      ],
      "/home/roberson/trampos/app/channels/application_cable/channel.rb": [
        0,
        0,
        0,
        0
      ]
    },
    "timestamp": 1578943350
  }
}
